<?xml version="1.0" encoding="UTF-8"?>
<testng-results ignored="0" total="1" passed="1" failed="0" skipped="0">
  <reporter-output>
  </reporter-output>
  <suite started-at="2021-10-11T11:51:30 IST" name="sample test suite" finished-at="2021-10-11T11:52:22 IST" duration-ms="51592">
    <groups>
    </groups>
    <test started-at="2021-10-11T11:51:30 IST" name="Login Test" finished-at="2021-10-11T11:52:22 IST" duration-ms="51592">
      <class name="com.selenium.examples.IndividualTask">
        <test-method signature="logintest()[pri:0, instance:com.selenium.examples.IndividualTask@446293d]" started-at="2021-10-11T11:51:30 IST" name="logintest" finished-at="2021-10-11T11:52:22 IST" duration-ms="51518" status="PASS">
          <reporter-output>
          </reporter-output>
        </test-method> <!-- logintest -->
      </class> <!-- com.selenium.examples.IndividualTask -->
    </test> <!-- Login Test -->
  </suite> <!-- sample test suite -->
</testng-results>
